c:\users\incik rakuzas\documents\d3nr0\.vs\build\common-minicore\win32\debug\common-minicore.pdb
c:\users\incik rakuzas\documents\d3nr0\.vs\build\common-minicore\win32\debug\common-minicore.idb
c:\users\incik rakuzas\documents\d3nr0\.vs\build\common-minicore\win32\debug\cli.obj
c:\users\incik rakuzas\documents\d3nr0\.vs\build\common-minicore\win32\debug\conf.obj
c:\users\incik rakuzas\documents\d3nr0\.vs\build\common-minicore\win32\debug\des.obj
c:\users\incik rakuzas\documents\d3nr0\.vs\build\common-minicore\win32\debug\grfio.obj
c:\users\incik rakuzas\documents\d3nr0\.vs\build\common-minicore\win32\debug\malloc.obj
c:\users\incik rakuzas\documents\d3nr0\.vs\build\common-minicore\win32\debug\mapindex.obj
c:\users\incik rakuzas\documents\d3nr0\.vs\build\common-minicore\win32\debug\md5calc.obj
c:\users\incik rakuzas\documents\d3nr0\.vs\build\common-minicore\win32\debug\msg_conf.obj
c:\users\incik rakuzas\documents\d3nr0\.vs\build\common-minicore\win32\debug\nullpo.obj
c:\users\incik rakuzas\documents\d3nr0\.vs\build\common-minicore\win32\debug\raconf.obj
c:\users\incik rakuzas\documents\d3nr0\.vs\build\common-minicore\win32\debug\random.obj
c:\users\incik rakuzas\documents\d3nr0\.vs\build\common-minicore\win32\debug\showmsg.obj
c:\users\incik rakuzas\documents\d3nr0\.vs\build\common-minicore\win32\debug\strlib.obj
c:\users\incik rakuzas\documents\d3nr0\.vs\build\common-minicore\win32\debug\utils.obj
c:\users\incik rakuzas\documents\d3nr0\.vs\build\common-minicore\win32\debug\core.obj
c:\users\incik rakuzas\documents\d3nr0\.vs\build\common-minicore\win32\debug\winapi.obj
c:\users\incik rakuzas\documents\d3nr0\.vs\build\common-minicore.lib
c:\users\incik rakuzas\documents\d3nr0\.vs\build\common-minicore.pdb
c:\users\incik rakuzas\documents\d3nr0\.vs\build\common-minicore\win32\debug\common-minicore.tlog\cl.command.1.tlog
c:\users\incik rakuzas\documents\d3nr0\.vs\build\common-minicore\win32\debug\common-minicore.tlog\cl.read.1.tlog
c:\users\incik rakuzas\documents\d3nr0\.vs\build\common-minicore\win32\debug\common-minicore.tlog\cl.write.1.tlog
c:\users\incik rakuzas\documents\d3nr0\.vs\build\common-minicore\win32\debug\common-minicore.tlog\lib-link.read.1.tlog
c:\users\incik rakuzas\documents\d3nr0\.vs\build\common-minicore\win32\debug\common-minicore.tlog\lib-link.write.1.tlog
c:\users\incik rakuzas\documents\d3nr0\.vs\build\common-minicore\win32\debug\common-minicore.tlog\lib.command.1.tlog
